###
Spring 1.00
0: 'Gather catnip' () (catnip + 1)
1: 'Catnip Field' (catnip 0.00/10.00 0s) (Catnip Field + 1)
last input: 0
###
catnip 1.00/5000
Spring 1.00
0: 'Gather catnip' () (catnip + 1)
1: 'Catnip Field' (catnip 1.00/10.00 0s) (Catnip Field + 1)
last input: 0
###
catnip 2.00/5000
Spring 1.00
0: 'Gather catnip' () (catnip + 1)
1: 'Catnip Field' (catnip 2.00/10.00 0s) (Catnip Field + 1)
last input: 0
###
catnip 3.00/5000
Spring 1.00
0: 'Gather catnip' () (catnip + 1)
1: 'Catnip Field' (catnip 3.00/10.00 0s) (Catnip Field + 1)
last input: 0
###
catnip 4.00/5000
Spring 1.00
0: 'Gather catnip' () (catnip + 1)
1: 'Catnip Field' (catnip 4.00/10.00 0s) (Catnip Field + 1)
last input: 0
###
catnip 5.00/5000
Spring 1.00
0: 'Gather catnip' () (catnip + 1)
1: 'Catnip Field' (catnip 5.00/10.00 0s) (Catnip Field + 1)
last input: 0
###
catnip 6.00/5000
Spring 1.00
0: 'Gather catnip' () (catnip + 1)
1: 'Catnip Field' (catnip 6.00/10.00 0s) (Catnip Field + 1)
last input: 0
###
catnip 7.00/5000
Spring 1.00
0: 'Gather catnip' () (catnip + 1)
1: 'Catnip Field' (catnip 7.00/10.00 0s) (Catnip Field + 1)
last input: 0
###
catnip 8.00/5000
Spring 1.00
0: 'Gather catnip' () (catnip + 1)
1: 'Catnip Field' (catnip 8.00/10.00 0s) (Catnip Field + 1)
last input: 0
###
catnip 9.00/5000
Spring 1.00
0: 'Gather catnip' () (catnip + 1)
1: 'Catnip Field' (catnip 9.00/10.00 0s) (Catnip Field + 1)
last input: 0
###
catnip 9.00/5000
Spring 1.00
0: 'Gather catnip' () (catnip + 1)
1: 'Catnip Field' (catnip 9.00/10.00 0s) (Catnip Field + 1)
last input: 1
error: resource catnip not enough
###
catnip 10.00/5000
Spring 1.00
0: 'Gather catnip' () (catnip + 1)
1: 'Catnip Field' (catnip 10.00) (Catnip Field + 1)
last input: 0
###
Catnip Field 1.00
Spring 1.00
0: 'Gather catnip' () (catnip + 1)
1: 'Catnip Field' (catnip 0.00/11.20 11s) (Catnip Field + 1)
last input: 1
###
catnip 0.94/5000 (0.94/s, 1h28m10s to cap)
Catnip Field 1.00
Spring 1.00
0: 'Gather catnip' () (catnip + 1)
1: 'Catnip Field' (catnip 0.94/11.20 10s) (Catnip Field + 1)
last input: -1
error: invalid index -1
###
catnip 10.39/5000 (0.94/s, 1h28m0s to cap)
Catnip Field 1.00
Spring 1.00
0: 'Gather catnip' () (catnip + 1)
1: 'Catnip Field' (catnip 10.39/11.20 0s) (Catnip Field + 1)
last input: -1
error: invalid index -1
###
catnip 10.39/5000 (0.94/s, 1h28m0s to cap)
Catnip Field 1.00
Spring 1.00
0: 'Gather catnip' () (catnip + 1)
1: 'Catnip Field' (catnip 10.39/11.20 0s) (Catnip Field + 1)
last input: 1
error: resource catnip not enough
###
catnip 11.34/5000 (0.94/s, 1h27m59s to cap)
Catnip Field 1.00
Spring 1.00
0: 'Gather catnip' () (catnip + 1)
1: 'Catnip Field' (catnip 11.20) (Catnip Field + 1)
last input: -1
error: invalid index -1
###
catnip 0.14/5000 (1.89/s, 44m5s to cap)
Catnip Field 2.00
Spring 1.00
0: 'Gather catnip' () (catnip + 1)
1: 'Catnip Field' (catnip 0.14/12.54 6s) (Catnip Field + 1)
last input: 1
###
catnip 2.03/5000 (1.89/s, 44m4s to cap)
Catnip Field 2.00
Spring 1.00
0: 'Gather catnip' () (catnip + 1)
1: 'Catnip Field' (catnip 2.03/12.54 5s) (Catnip Field + 1)
last input: -1
error: invalid index -1
###
catnip 20.93/5000 (1.89/s, 43m54s to cap)
Catnip Field 2.00
Spring 1.00
0: 'Gather catnip' () (catnip + 1)
1: 'Catnip Field' (catnip 12.54) (Catnip Field + 1)
last input: -1
error: invalid index -1
