###
catnip 10.00/5000
Spring 1.00
0: 'Gather catnip' () (catnip + 1)
1: 'Catnip Field' (catnip 10.00) (Catnip Field + 1)
sX: time skip until action X is available
last input: 
###
Catnip Field 1.00
Spring 1.00
0: 'Gather catnip' () (catnip + 1)
1: 'Catnip Field' (catnip 0.00/11.20 11s) (Catnip Field + 1)
sX: time skip until action X is available
last input: 1
###
catnip 1.00/5000 (0.94/s, 1h28m9s to cap)
Catnip Field 1.00
Spring 1.00
0: 'Gather catnip' () (catnip + 1)
1: 'Catnip Field' (catnip 1.00/11.20 10s) (Catnip Field + 1)
sX: time skip until action X is available
last input: 0
###
catnip 2.00/5000 (0.94/s, 1h28m8s to cap)
Catnip Field 1.00
Spring 1.00
0: 'Gather catnip' () (catnip + 1)
1: 'Catnip Field' (catnip 2.00/11.20 9s) (Catnip Field + 1)
sX: time skip until action X is available
last input: 0
###
catnip 2.00/5000 (0.94/s, 1h28m8s to cap)
Catnip Field 1.00
Spring 1.00
0: 'Gather catnip' () (catnip + 1)
1: 'Catnip Field' (catnip 2.00/11.20 9s) (Catnip Field + 1)
sX: time skip until action X is available
last input: 1
error: resource catnip not enough
###
catnip 2.94/5000 (0.94/s, 1h28m7s to cap)
Catnip Field 1.00
Spring 1.00
0: 'Gather catnip' () (catnip + 1)
1: 'Catnip Field' (catnip 2.94/11.20 8s) (Catnip Field + 1)
sX: time skip until action X is available
last input: 
error: strconv.Atoi: parsing "": invalid syntax
###
catnip 12.39/5000 (0.94/s, 1h27m57s to cap)
Catnip Field 1.00
Spring 1.00
0: 'Gather catnip' () (catnip + 1)
1: 'Catnip Field' (catnip 11.20) (Catnip Field + 1)
sX: time skip until action X is available
last input: 
error: strconv.Atoi: parsing "": invalid syntax
