###
catnip 10.00/5000
Spring 1.00
0: 'Gather catnip' () (catnip + 1)
1: 'Catnip Field' (catnip 10.00) (Catnip Field + 1)
sX: time skip until action X is available
last input: 
###
Catnip Field 1.00
Spring 1.00
0: 'Gather catnip' () (catnip + 1)
1: 'Catnip Field' (catnip 0.00/11.20 11s) (Catnip Field + 1)
sX: time skip until action X is available
last input: 1
###
skip 11.00
catnip 11.34/5000 (0.94/s, 1h27m59s to cap)
Catnip Field 1.00
Spring 1.00
0: 'Gather catnip' () (catnip + 1)
1: 'Catnip Field' (catnip 11.20) (Catnip Field + 1)
sX: time skip until action X is available
last input: s1
###
skip 11.00
catnip 1.08/5000 (1.89/s, 44m4s to cap)
Catnip Field 2.00
Spring 1.00
0: 'Gather catnip' () (catnip + 1)
1: 'Catnip Field' (catnip 1.08/12.54 6s) (Catnip Field + 1)
sX: time skip until action X is available
last input: 1
###
skip 17.00
catnip 14.31/5000 (1.89/s, 43m57s to cap)
Catnip Field 2.00
Spring 1.00
0: 'Gather catnip' () (catnip + 1)
1: 'Catnip Field' (catnip 12.54) (Catnip Field + 1)
sX: time skip until action X is available
last input: s1
###
skip 17.00
catnip 3.66/5000 (2.83/s, 29m22s to cap)
Catnip Field 3.00
Spring 1.00
0: 'Gather catnip' () (catnip + 1)
1: 'Catnip Field' (catnip 3.66/14.05 3s) (Catnip Field + 1)
sX: time skip until action X is available
last input: 1
###
skip 20.00
catnip 15.00/5000 (2.83/s, 29m18s to cap)
Catnip Field 3.00
Spring 1.00
0: 'Gather catnip' () (catnip + 1)
1: 'Catnip Field' (catnip 14.05) (Catnip Field + 1)
sX: time skip until action X is available
last input: s1
###
skip 20.00
catnip 3.79/5000 (3.78/s, 22m1s to cap)
Catnip Field 4.00
Spring 1.00
0: 'Gather catnip' () (catnip + 1)
1: 'Catnip Field' (catnip 3.79/15.74 3s) (Catnip Field + 1)
sX: time skip until action X is available
last input: 1
###
skip 23.00
catnip 18.91/5000 (3.78/s, 21m57s to cap)
Catnip Field 4.00
Spring 1.00
0: 'Gather catnip' () (catnip + 1)
1: 'Catnip Field' (catnip 15.74) (Catnip Field + 1)
sX: time skip until action X is available
last input: s1
###
skip 23.00
catnip 6.95/5000 (4.72/s, 17m36s to cap)
Catnip Field 5.00
Spring 1.00
0: 'Gather catnip' () (catnip + 1)
1: 'Catnip Field' (catnip 6.95/17.62 2s) (Catnip Field + 1)
sX: time skip until action X is available
last input: 1
###
skip 25.00
catnip 21.13/5000 (4.72/s, 17m33s to cap)
Catnip Field 5.00
Spring 1.00
0: 'Gather catnip' () (catnip + 1)
1: 'Catnip Field' (catnip 17.62) (Catnip Field + 1)
sX: time skip until action X is available
last input: s1
###
skip 25.00
catnip 8.23/5000 (5.67/s, 14m40s to cap)
Catnip Field 6.00
Spring 1.00
0: 'Gather catnip' () (catnip + 1)
1: 'Catnip Field' (catnip 8.23/19.74 2s) (Catnip Field + 1)
sX: time skip until action X is available
last input: 1
###
skip 27.00
catnip 25.24/5000 (5.67/s, 14m37s to cap)
Catnip Field 6.00
Spring 1.00
0: 'Gather catnip' () (catnip + 1)
1: 'Catnip Field' (catnip 19.74) (Catnip Field + 1)
sX: time skip until action X is available
last input: s1
###
skip 27.00
catnip 11.17/5000 (6.61/s, 12m34s to cap)
Catnip Field 7.00
Spring 1.00
0: 'Gather catnip' () (catnip + 1)
1: 'Catnip Field' (catnip 11.17/22.11 1s) (Catnip Field + 1)
sX: time skip until action X is available
last input: 1
###
skip 27.00
catnip -4.32/5000 (7.56/s, 11m1s to cap)
Catnip Field 8.00
Spring 1.00
0: 'Gather catnip' () (catnip + 1)
1: 'Catnip Field' (catnip -4.32/24.76 3s) (Catnip Field + 1)
sX: time skip until action X is available
last input: s1
###
skip 27.00
catnip 3.24/5000 (7.56/s, 11m0s to cap)
Catnip Field 8.00
Spring 1.00
0: 'Gather catnip' () (catnip + 1)
1: 'Catnip Field' (catnip 3.24/24.76 2s) (Catnip Field + 1)
sX: time skip until action X is available
last input: 1
error: resource catnip not enough
###
skip 29.00
catnip 25.92/5000 (7.56/s, 10m57s to cap)
Catnip Field 8.00
Spring 1.00
0: 'Gather catnip' () (catnip + 1)
1: 'Catnip Field' (catnip 24.76) (Catnip Field + 1)
sX: time skip until action X is available
last input: s1
###
skip 29.00
catnip 8.72/5000 (8.50/s, 9m46s to cap)
Catnip Field 9.00
Spring 1.00
0: 'Gather catnip' () (catnip + 1)
1: 'Catnip Field' (catnip 8.72/27.73 2s) (Catnip Field + 1)
sX: time skip until action X is available
last input: 1
###
skip 31.00
catnip 34.23/5000 (8.50/s, 9m43s to cap)
Catnip Field 9.00
Spring 1.00
0: 'Gather catnip' () (catnip + 1)
1: 'Catnip Field' (catnip 27.73) (Catnip Field + 1)
sX: time skip until action X is available
last input: s1
###
skip 31.00
catnip 15.01/5000 (9.45/s, 8m47s to cap)
Catnip Field 10.00
Spring 1.00
0: 'Gather catnip' () (catnip + 1)
1: 'Catnip Field' (catnip 15.01/31.06 1s) (Catnip Field + 1)
sX: time skip until action X is available
last input: 1
###
skip 31.00
catnip -6.60/5000 (10.39/s, 8m1s to cap)
Catnip Field 11.00
Spring 1.00
0: 'Gather catnip' () (catnip + 1)
1: 'Catnip Field' (catnip -6.60/34.79 3s) (Catnip Field + 1)
sX: time skip until action X is available
last input: s1
###
skip 31.00
catnip 3.79/5000 (10.39/s, 8m0s to cap)
Catnip Field 11.00
Spring 1.00
0: 'Gather catnip' () (catnip + 1)
1: 'Catnip Field' (catnip 3.79/34.79 2s) (Catnip Field + 1)
sX: time skip until action X is available
last input: 1
error: resource catnip not enough
###
skip 33.00
catnip 34.98/5000 (10.39/s, 7m57s to cap)
Catnip Field 11.00
Spring 1.00
0: 'Gather catnip' () (catnip + 1)
1: 'Catnip Field' (catnip 34.79) (Catnip Field + 1)
sX: time skip until action X is available
last input: s1
###
skip 33.00
catnip 10.59/5000 (11.34/s, 7m19s to cap)
Catnip Field 12.00
Spring 1.00
0: 'Gather catnip' () (catnip + 1)
1: 'Catnip Field' (catnip 10.59/38.96 2s) (Catnip Field + 1)
sX: time skip until action X is available
last input: 1
###
skip 35.00
catnip 44.61/5000 (11.34/s, 7m16s to cap)
Catnip Field 12.00
Spring 1.00
0: 'Gather catnip' () (catnip + 1)
1: 'Catnip Field' (catnip 38.96) (Catnip Field + 1)
sX: time skip until action X is available
last input: s1
###
skip 35.00
catnip 16.99/5000 (12.29/s, 6m45s to cap)
Catnip Field 13.00
Spring 1.00
0: 'Gather catnip' () (catnip + 1)
1: 'Catnip Field' (catnip 16.99/43.63 2s) (Catnip Field + 1)
sX: time skip until action X is available
last input: 1
###
skip 37.00
catnip 53.84/5000 (12.29/s, 6m42s to cap)
Catnip Field 13.00
Spring 1.00
0: 'Gather catnip' () (catnip + 1)
1: 'Catnip Field' (catnip 43.63) (Catnip Field + 1)
sX: time skip until action X is available
last input: s1
###
skip 37.00
catnip 22.49/5000 (13.23/s, 6m16s to cap)
Catnip Field 14.00
Spring 1.00
0: 'Gather catnip' () (catnip + 1)
1: 'Catnip Field' (catnip 22.49/48.87 1s) (Catnip Field + 1)
sX: time skip until action X is available
last input: 1
###
skip 37.00
catnip -13.15/5000 (14.17/s, 5m53s to cap)
Catnip Field 15.00
Spring 1.00
0: 'Gather catnip' () (catnip + 1)
1: 'Catnip Field' (catnip -13.15/54.74 4s) (Catnip Field + 1)
sX: time skip until action X is available
last input: s1
###
skip 37.00
catnip 1.03/5000 (14.17/s, 5m52s to cap)
Catnip Field 15.00
Spring 1.00
0: 'Gather catnip' () (catnip + 1)
1: 'Catnip Field' (catnip 1.03/54.74 3s) (Catnip Field + 1)
sX: time skip until action X is available
last input: 1
error: resource catnip not enough
###
skip 40.00
catnip 57.73/5000 (14.17/s, 5m48s to cap)
Catnip Field 15.00
Spring 1.00
0: 'Gather catnip' () (catnip + 1)
1: 'Catnip Field' (catnip 54.74) (Catnip Field + 1)
sX: time skip until action X is available
last input: s1
###
skip 40.00
catnip 17.17/5000 (15.12/s, 5m29s to cap)
Catnip Field 16.00
Spring 1.00
0: 'Gather catnip' () (catnip + 1)
1: 'Catnip Field' (catnip 17.17/61.30 2s) (Catnip Field + 1)
sX: time skip until action X is available
last input: 1
###
skip 42.00
catnip 62.53/5000 (15.12/s, 5m26s to cap)
Catnip Field 16.00
Spring 1.00
0: 'Gather catnip' () (catnip + 1)
1: 'Catnip Field' (catnip 61.30) (Catnip Field + 1)
sX: time skip until action X is available
last input: s1
###
skip 42.00
catnip 16.34/5000 (16.06/s, 5m10s to cap)
Catnip Field 17.00
Spring 1.00
0: 'Gather catnip' () (catnip + 1)
1: 'Catnip Field' (catnip 16.34/68.66 3s) (Catnip Field + 1)
sX: time skip until action X is available
last input: 1
###
skip 45.00
catnip 80.60/5000 (16.06/s, 5m6s to cap)
Catnip Field 17.00
Spring 1.00
0: 'Gather catnip' () (catnip + 1)
1: 'Catnip Field' (catnip 68.66) (Catnip Field + 1)
sX: time skip until action X is available
last input: s1
###
skip 45.00
catnip 28.01/5000 (17.01/s, 4m52s to cap)
Catnip Field 18.00
Spring 1.00
0: 'Gather catnip' () (catnip + 1)
1: 'Catnip Field' (catnip 28.01/76.90 2s) (Catnip Field + 1)
sX: time skip until action X is available
last input: 1
###
skip 47.00
catnip 79.04/5000 (17.01/s, 4m49s to cap)
Catnip Field 18.00
Spring 1.00
0: 'Gather catnip' () (catnip + 1)
1: 'Catnip Field' (catnip 76.90) (Catnip Field + 1)
sX: time skip until action X is available
last input: s1
###
skip 47.00
catnip 19.15/5000 (17.95/s, 4m37s to cap)
Catnip Field 19.00
Spring 1.00
0: 'Gather catnip' () (catnip + 1)
1: 'Catnip Field' (catnip 19.15/86.13 3s) (Catnip Field + 1)
sX: time skip until action X is available
last input: 1
###
skip 50.00
catnip 90.97/5000 (17.95/s, 4m33s to cap)
Catnip Field 19.00
Spring 1.00
0: 'Gather catnip' () (catnip + 1)
1: 'Catnip Field' (catnip 86.13) (Catnip Field + 1)
sX: time skip until action X is available
last input: s1
###
skip 50.00
catnip 22.80/5000 (18.90/s, 4m23s to cap)
Catnip Field 20.00
Spring 1.00
0: 'Gather catnip' () (catnip + 1)
1: 'Catnip Field' (catnip 22.80/96.46 3s) (Catnip Field + 1)
sX: time skip until action X is available
last input: 1
###
skip 53.00
catnip 98.40/5000 (18.90/s, 4m19s to cap)
Catnip Field 20.00
Spring 1.00
0: 'Gather catnip' () (catnip + 1)
1: 'Catnip Field' (catnip 96.46) (Catnip Field + 1)
sX: time skip until action X is available
last input: s1
###
skip 53.00
catnip 20.83/5000 (19.84/s, 4m10s to cap)
Catnip Field 21.00
Spring 1.00
0: 'Gather catnip' () (catnip + 1)
1: 'Catnip Field' (catnip 20.83/108.04 4s) (Catnip Field + 1)
sX: time skip until action X is available
last input: 1
###
skip 57.00
catnip 120.06/5000 (19.84/s, 4m5s to cap)
Catnip Field 21.00
Spring 1.00
0: 'Gather catnip' () (catnip + 1)
1: 'Catnip Field' (catnip 108.04) (Catnip Field + 1)
sX: time skip until action X is available
last input: s1
###
skip 57.00
catnip 31.86/5000 (20.79/s, 3m58s to cap)
Catnip Field 22.00
Spring 1.00
0: 'Gather catnip' () (catnip + 1)
1: 'Catnip Field' (catnip 31.86/121.00 4s) (Catnip Field + 1)
sX: time skip until action X is available
last input: 1
###
skip 61.00
catnip 135.81/5000 (20.79/s, 3m53s to cap)
Catnip Field 22.00
Spring 1.00
0: 'Gather catnip' () (catnip + 1)
1: 'Catnip Field' (catnip 121.00) (Catnip Field + 1)
sX: time skip until action X is available
last input: s1
###
skip 61.00
catnip 35.60/5000 (21.73/s, 3m48s to cap)
Catnip Field 23.00
Spring 1.00
0: 'Gather catnip' () (catnip + 1)
1: 'Catnip Field' (catnip 35.60/135.52 4s) (Catnip Field + 1)
sX: time skip until action X is available
last input: 1
###
skip 65.00
catnip 144.28/5000 (21.73/s, 3m43s to cap)
Catnip Field 23.00
Spring 1.00
0: 'Gather catnip' () (catnip + 1)
1: 'Catnip Field' (catnip 135.52) (Catnip Field + 1)
sX: time skip until action X is available
last input: s1
###
skip 65.00
catnip 30.49/5000 (22.68/s, 3m39s to cap)
Catnip Field 24.00
Spring 1.00
0: 'Gather catnip' () (catnip + 1)
1: 'Catnip Field' (catnip 30.49/151.79 5s) (Catnip Field + 1)
sX: time skip until action X is available
last input: 1
###
skip 70.00
catnip 166.57/5000 (22.68/s, 3m33s to cap)
Catnip Field 24.00
Spring 1.00
0: 'Gather catnip' () (catnip + 1)
1: 'Catnip Field' (catnip 151.79) (Catnip Field + 1)
sX: time skip until action X is available
last input: s1
###
skip 70.00
catnip 37.46/5000 (23.62/s, 3m30s to cap)
Catnip Field 25.00
Spring 1.00
0: 'Gather catnip' () (catnip + 1)
1: 'Catnip Field' (catnip 37.46/170.00 5s) (Catnip Field + 1)
sX: time skip until action X is available
last input: 1
###
skip 75.00
catnip 179.21/5000 (23.62/s, 3m24s to cap)
Catnip Field 25.00
Spring 1.00
0: 'Gather catnip' () (catnip + 1)
1: 'Catnip Field' (catnip 170.00) (Catnip Field + 1)
sX: time skip until action X is available
last input: s1
###
skip 75.00
catnip 32.84/5000 (24.57/s, 3m22s to cap)
Catnip Field 26.00
Spring 1.00
0: 'Gather catnip' () (catnip + 1)
1: 'Catnip Field' (catnip 32.84/190.40 6s) (Catnip Field + 1)
sX: time skip until action X is available
last input: 1
###
skip 81.00
catnip 204.83/5000 (24.57/s, 3m15s to cap)
Catnip Field 26.00
Spring 1.00
0: 'Gather catnip' () (catnip + 1)
1: 'Catnip Field' (catnip 190.40) (Catnip Field + 1)
sX: time skip until action X is available
last input: s1
###
skip 81.00
catnip 38.99/5000 (25.51/s, 3m14s to cap)
Catnip Field 27.00
Spring 1.00
0: 'Gather catnip' () (catnip + 1)
1: 'Catnip Field' (catnip 38.99/213.25 6s) (Catnip Field + 1)
sX: time skip until action X is available
last input: 1
###
skip 87.00
catnip 217.60/5000 (25.51/s, 3m7s to cap)
Catnip Field 27.00
Spring 1.00
0: 'Gather catnip' () (catnip + 1)
1: 'Catnip Field' (catnip 213.25) (Catnip Field + 1)
sX: time skip until action X is available
last input: s1
###
skip 87.00
catnip 29.87/5000 (26.46/s, 3m7s to cap)
Catnip Field 28.00
Spring 1.00
0: 'Gather catnip' () (catnip + 1)
1: 'Catnip Field' (catnip 29.87/238.84 7s) (Catnip Field + 1)
sX: time skip until action X is available
last input: 1
###
skip 94.00
catnip 241.55/5000 (26.46/s, 2m59s to cap)
Catnip Field 28.00
Spring 1.00
0: 'Gather catnip' () (catnip + 1)
1: 'Catnip Field' (catnip 238.84) (Catnip Field + 1)
sX: time skip until action X is available
last input: s1
###
skip 94.00
catnip 29.17/5000 (27.40/s, 3m1s to cap)
Catnip Field 29.00
Spring 1.00
0: 'Gather catnip' () (catnip + 1)
1: 'Catnip Field' (catnip 29.17/267.50 8s) (Catnip Field + 1)
sX: time skip until action X is available
last input: 1
###
skip 102.00
catnip 275.81/5000 (27.40/s, 2m52s to cap)
Catnip Field 29.00
Spring 1.00
0: 'Gather catnip' () (catnip + 1)
1: 'Catnip Field' (catnip 267.50) (Catnip Field + 1)
sX: time skip until action X is available
last input: s1
###
skip 102.00
catnip 35.72/5000 (28.35/s, 2m55s to cap)
Catnip Field 30.00
Spring 1.00
0: 'Gather catnip' () (catnip + 1)
1: 'Catnip Field' (catnip 35.72/299.60 9s) (Catnip Field + 1)
sX: time skip until action X is available
last input: 1
###
skip 111.00
catnip 319.22/5000 (28.35/s, 2m45s to cap)
Catnip Field 30.00
Spring 1.00
0: 'Gather catnip' () (catnip + 1)
1: 'Catnip Field' (catnip 299.60) (Catnip Field + 1)
sX: time skip until action X is available
last input: s1
###
skip 111.00
catnip 47.97/5000 (29.29/s, 2m49s to cap)
Catnip Field 31.00
Spring 1.00
0: 'Gather catnip' () (catnip + 1)
1: 'Catnip Field' (catnip 47.97/335.55 9s) (Catnip Field + 1)
sX: time skip until action X is available
last input: 1
###
skip 120.00
catnip 340.92/5000 (29.29/s, 2m39s to cap)
Catnip Field 31.00
Spring 1.00
0: 'Gather catnip' () (catnip + 1)
1: 'Catnip Field' (catnip 335.55) (Catnip Field + 1)
sX: time skip until action X is available
last input: s1
###
skip 120.00
catnip 34.66/5000 (30.24/s, 2m44s to cap)
Catnip Field 32.00
Spring 1.00
0: 'Gather catnip' () (catnip + 1)
1: 'Catnip Field' (catnip 34.66/375.82 11s) (Catnip Field + 1)
sX: time skip until action X is available
last input: 1
###
skip 131.00
catnip 397.54/5000 (30.24/s, 2m32s to cap)
Catnip Field 32.00
Spring 1.00
0: 'Gather catnip' () (catnip + 1)
1: 'Catnip Field' (catnip 375.82) (Catnip Field + 1)
sX: time skip until action X is available
last input: s1
###
skip 131.00
catnip 51.97/5000 (31.18/s, 2m38s to cap)
Catnip Field 33.00
Spring 1.00
0: 'Gather catnip' () (catnip + 1)
1: 'Catnip Field' (catnip 51.97/420.92 11s) (Catnip Field + 1)
sX: time skip until action X is available
last input: 1
###
skip 142.00
catnip 426.19/5000 (31.18/s, 2m26s to cap)
Catnip Field 33.00
Spring 1.00
0: 'Gather catnip' () (catnip + 1)
1: 'Catnip Field' (catnip 420.92) (Catnip Field + 1)
sX: time skip until action X is available
last input: s1
###
skip 142.00
catnip 36.46/5000 (32.13/s, 2m34s to cap)
Catnip Field 34.00
Spring 1.00
0: 'Gather catnip' () (catnip + 1)
1: 'Catnip Field' (catnip 36.46/471.43 13s) (Catnip Field + 1)
sX: time skip until action X is available
last input: 1
###
skip 155.00
catnip 486.28/5000 (32.13/s, 2m20s to cap)
Catnip Field 34.00
Spring 1.00
0: 'Gather catnip' () (catnip + 1)
1: 'Catnip Field' (catnip 471.43) (Catnip Field + 1)
sX: time skip until action X is available
last input: s1
###
skip 155.00
catnip 46.98/5000 (33.07/s, 2m29s to cap)
Catnip Field 35.00
Spring 1.00
0: 'Gather catnip' () (catnip + 1)
1: 'Catnip Field' (catnip 46.98/528.00 14s) (Catnip Field + 1)
sX: time skip until action X is available
last input: 1
###
skip 169.00
catnip 543.11/5000 (33.07/s, 2m14s to cap)
Catnip Field 35.00
Spring 1.00
0: 'Gather catnip' () (catnip + 1)
1: 'Catnip Field' (catnip 528.00) (Catnip Field + 1)
sX: time skip until action X is available
last input: s1
###
skip 169.00
catnip 48.18/5000 (34.02/s, 2m25s to cap)
Catnip Field 36.00
Spring 1.00
0: 'Gather catnip' () (catnip + 1)
1: 'Catnip Field' (catnip 48.18/591.36 15s) (Catnip Field + 1)
sX: time skip until action X is available
last input: 1
###
skip 184.00
catnip 592.50/5000 (34.02/s, 2m9s to cap)
Catnip Field 36.00
Spring 1.00
0: 'Gather catnip' () (catnip + 1)
1: 'Catnip Field' (catnip 591.36) (Catnip Field + 1)
sX: time skip until action X is available
last input: s1
###
skip 184.00
catnip 35.17/5000 (34.96/s, 2m21s to cap)
Catnip Field 37.00
Spring 1.00
0: 'Gather catnip' () (catnip + 1)
1: 'Catnip Field' (catnip 35.17/662.32 17s) (Catnip Field + 1)
sX: time skip until action X is available
last input: 1
###
skip 201.00
catnip 664.54/5000 (34.96/s, 2m3s to cap)
Catnip Field 37.00
Spring 1.00
0: 'Gather catnip' () (catnip + 1)
1: 'Catnip Field' (catnip 662.32) (Catnip Field + 1)
sX: time skip until action X is available
last input: s1
###
skip 201.00
catnip 37.18/5000 (35.91/s, 2m18s to cap)
Catnip Field 38.00
Spring 1.00
0: 'Gather catnip' () (catnip + 1)
1: 'Catnip Field' (catnip 37.18/741.80 19s) (Catnip Field + 1)
sX: time skip until action X is available
last input: 1
###
skip 220.00
catnip 755.38/5000 (35.91/s, 1m58s to cap)
Catnip Field 38.00
Spring 1.00
0: 'Gather catnip' () (catnip + 1)
1: 'Catnip Field' (catnip 741.80) (Catnip Field + 1)
sX: time skip until action X is available
last input: s1
###
skip 220.00
catnip 49.50/5000 (36.85/s, 2m14s to cap)
Catnip Field 39.00
Spring 1.00
0: 'Gather catnip' () (catnip + 1)
1: 'Catnip Field' (catnip 49.50/830.81 21s) (Catnip Field + 1)
sX: time skip until action X is available
last input: 1
###
skip 241.00
catnip 860.31/5000 (36.85/s, 1m52s to cap)
Catnip Field 39.00
Spring 1.00
0: 'Gather catnip' () (catnip + 1)
1: 'Catnip Field' (catnip 830.81) (Catnip Field + 1)
sX: time skip until action X is available
last input: s1
###
skip 241.00
catnip 66.35/5000 (37.80/s, 2m10s to cap)
Catnip Field 40.00
Spring 1.00
0: 'Gather catnip' () (catnip + 1)
1: 'Catnip Field' (catnip 66.35/930.51 22s) (Catnip Field + 1)
sX: time skip until action X is available
last input: 1
###
skip 263.00
catnip 935.75/5000 (37.80/s, 1m47s to cap)
Catnip Field 40.00
Spring 1.00
0: 'Gather catnip' () (catnip + 1)
1: 'Catnip Field' (catnip 930.51) (Catnip Field + 1)
sX: time skip until action X is available
last input: s1
###
skip 263.00
catnip 43.04/5000 (38.74/s, 2m7s to cap)
Catnip Field 41.00
Spring 1.00
0: 'Gather catnip' () (catnip + 1)
1: 'Catnip Field' (catnip 43.04/1042.17 25s) (Catnip Field + 1)
sX: time skip until action X is available
last input: 1
###
skip 288.00
catnip 1050.41/5000 (38.74/s, 1m41s to cap)
Catnip Field 41.00
Spring 1.00
0: 'Gather catnip' () (catnip + 1)
1: 'Catnip Field' (catnip 1042.17) (Catnip Field + 1)
sX: time skip until action X is available
last input: s1
###
skip 288.00
catnip 46.99/5000 (39.69/s, 2m4s to cap)
Catnip Field 42.00
Spring 1.00
0: 'Gather catnip' () (catnip + 1)
1: 'Catnip Field' (catnip 46.99/1167.23 28s) (Catnip Field + 1)
sX: time skip until action X is available
last input: 1
###
skip 316.00
catnip 1198.00/5000 (39.69/s, 1m35s to cap)
Catnip Field 42.00
Spring 1.00
0: 'Gather catnip' () (catnip + 1)
1: 'Catnip Field' (catnip 1167.23) (Catnip Field + 1)
sX: time skip until action X is available
last input: s1
###
skip 316.00
catnip 70.45/5000 (40.63/s, 2m1s to cap)
Catnip Field 43.00
Spring 1.00
0: 'Gather catnip' () (catnip + 1)
1: 'Catnip Field' (catnip 70.45/1307.30 30s) (Catnip Field + 1)
sX: time skip until action X is available
last input: 1
###
skip 346.00
catnip 1330.14/5000 (40.63/s, 1m30s to cap)
Catnip Field 43.00
Spring 1.00
0: 'Gather catnip' () (catnip + 1)
1: 'Catnip Field' (catnip 1307.30) (Catnip Field + 1)
sX: time skip until action X is available
last input: s1
###
skip 346.00
catnip 63.47/5000 (41.58/s, 1m58s to cap)
Catnip Field 44.00
Spring 1.00
0: 'Gather catnip' () (catnip + 1)
1: 'Catnip Field' (catnip 63.47/1464.18 33s) (Catnip Field + 1)
sX: time skip until action X is available
last input: 1
###
skip 379.00
catnip 1477.19/5000 (41.58/s, 1m24s to cap)
Catnip Field 44.00
Spring 1.00
0: 'Gather catnip' () (catnip + 1)
1: 'Catnip Field' (catnip 1464.18) (Catnip Field + 1)
sX: time skip until action X is available
last input: s1
###
skip 379.00
catnip 54.60/5000 (42.52/s, 1m56s to cap)
Catnip Field 45.00
Spring 1.00
0: 'Gather catnip' () (catnip + 1)
1: 'Catnip Field' (catnip 54.60/1639.88 37s) (Catnip Field + 1)
sX: time skip until action X is available
last input: 1
###
skip 416.00
catnip 1670.55/5000 (42.52/s, 1m18s to cap)
Catnip Field 45.00
Spring 1.00
0: 'Gather catnip' () (catnip + 1)
1: 'Catnip Field' (catnip 1639.88) (Catnip Field + 1)
sX: time skip until action X is available
last input: s1
###
skip 416.00
catnip 73.20/5000 (43.47/s, 1m53s to cap)
Catnip Field 46.00
Spring 1.00
0: 'Gather catnip' () (catnip + 1)
1: 'Catnip Field' (catnip 73.20/1836.66 40s) (Catnip Field + 1)
sX: time skip until action X is available
last input: 1
###
skip 456.00
catnip 1855.47/5000 (43.47/s, 1m12s to cap)
Catnip Field 46.00
Spring 1.00
0: 'Gather catnip' () (catnip + 1)
1: 'Catnip Field' (catnip 1836.66) (Catnip Field + 1)
sX: time skip until action X is available
last input: s1
###
skip 456.00
catnip 62.28/5000 (44.41/s, 1m51s to cap)
Catnip Field 47.00
Spring 1.00
0: 'Gather catnip' () (catnip + 1)
1: 'Catnip Field' (catnip 62.28/2057.06 44s) (Catnip Field + 1)
sX: time skip until action X is available
last input: 1
###
skip 500.00
catnip 2060.95/5000 (44.41/s, 1m6s to cap)
Catnip Field 47.00
Spring 1.00
0: 'Gather catnip' () (catnip + 1)
1: 'Catnip Field' (catnip 2057.06) (Catnip Field + 1)
sX: time skip until action X is available
last input: s1
###
skip 500.00
catnip 48.31/5000 (45.36/s, 1m49s to cap)
Catnip Field 48.00
Spring 1.00
0: 'Gather catnip' () (catnip + 1)
1: 'Catnip Field' (catnip 48.31/2303.91 49s) (Catnip Field + 1)
sX: time skip until action X is available
last input: 1
###
skip 549.00
catnip 2316.31/5000 (45.36/s, 59s to cap)
Catnip Field 48.00
Spring 1.00
0: 'Gather catnip' () (catnip + 1)
1: 'Catnip Field' (catnip 2303.91) (Catnip Field + 1)
sX: time skip until action X is available
last input: s1
###
skip 549.00
catnip 57.76/5000 (46.30/s, 1m46s to cap)
Catnip Field 49.00
Spring 1.00
0: 'Gather catnip' () (catnip + 1)
1: 'Catnip Field' (catnip 57.76/2580.38 54s) (Catnip Field + 1)
sX: time skip until action X is available
last input: 1
###
skip 603.00
catnip 2604.53/5000 (46.30/s, 51s to cap)
Catnip Field 49.00
Spring 1.00
0: 'Gather catnip' () (catnip + 1)
1: 'Catnip Field' (catnip 2580.38) (Catnip Field + 1)
sX: time skip until action X is available
last input: s1
###
skip 603.00
catnip 70.46/5000 (47.25/s, 1m44s to cap)
Catnip Field 50.00
Spring 1.00
0: 'Gather catnip' () (catnip + 1)
1: 'Catnip Field' (catnip 70.46/2890.02 59s) (Catnip Field + 1)
sX: time skip until action X is available
last input: 1
###
skip 662.00
catnip 2905.46/5000 (47.25/s, 44s to cap)
Catnip Field 50.00
Spring 1.00
0: 'Gather catnip' () (catnip + 1)
1: 'Catnip Field' (catnip 2890.02) (Catnip Field + 1)
sX: time skip until action X is available
last input: s1
###
skip 662.00
catnip 62.69/5000 (48.20/s, 1m42s to cap)
Catnip Field 51.00
Spring 1.00
0: 'Gather catnip' () (catnip + 1)
1: 'Catnip Field' (catnip 62.69/3236.82 1m5s) (Catnip Field + 1)
sX: time skip until action X is available
last input: 1
###
skip 727.00
catnip 3243.56/5000 (48.20/s, 36s to cap)
Catnip Field 51.00
Spring 1.00
0: 'Gather catnip' () (catnip + 1)
1: 'Catnip Field' (catnip 3236.82) (Catnip Field + 1)
sX: time skip until action X is available
last input: s1
###
skip 727.00
catnip 54.93/5000 (49.14/s, 1m40s to cap)
Catnip Field 52.00
Spring 1.00
0: 'Gather catnip' () (catnip + 1)
1: 'Catnip Field' (catnip 54.93/3625.24 1m12s) (Catnip Field + 1)
sX: time skip until action X is available
last input: 1
###
skip 799.00
catnip 3642.15/5000 (49.14/s, 27s to cap)
Catnip Field 52.00
Spring 1.00
0: 'Gather catnip' () (catnip + 1)
1: 'Catnip Field' (catnip 3625.24) (Catnip Field + 1)
sX: time skip until action X is available
last input: s1
###
skip 799.00
catnip 66.05/5000 (50.09/s, 1m38s to cap)
Catnip Field 53.00
Spring 1.00
0: 'Gather catnip' () (catnip + 1)
1: 'Catnip Field' (catnip 66.05/4060.27 1m19s) (Catnip Field + 1)
sX: time skip until action X is available
last input: 1
###
skip 878.00
catnip 4072.85/5000 (50.09/s, 18s to cap)
Catnip Field 53.00
Spring 1.00
0: 'Gather catnip' () (catnip + 1)
1: 'Catnip Field' (catnip 4060.27) (Catnip Field + 1)
sX: time skip until action X is available
last input: s1
###
skip 878.00
catnip 62.66/5000 (51.03/s, 1m36s to cap)
Catnip Field 54.00
Spring 1.00
0: 'Gather catnip' () (catnip + 1)
1: 'Catnip Field' (catnip 62.66/4547.51 1m27s) (Catnip Field + 1)
sX: time skip until action X is available
last input: 1
###
skip 965.00
catnip 4553.30/5000 (51.03/s, 8s to cap)
Catnip Field 54.00
Spring 1.00
0: 'Gather catnip' () (catnip + 1)
1: 'Catnip Field' (catnip 4547.51) (Catnip Field + 1)
sX: time skip until action X is available
last input: s1
###
skip 965.00
catnip 56.82/5000 (51.97/s, 1m35s to cap)
Catnip Field 55.00
Spring 1.00
0: 'Gather catnip' () (catnip + 1)
1: 'Catnip Field' (catnip 56.82/5093.21 1m36s) (Catnip Field + 1)
sX: time skip until action X is available
last input: 1
###
skip 1061.00
catnip 5000.00/5000 (51.97/s, 0s to cap)
Catnip Field 55.00
Spring 1.00
0: 'Gather catnip' () (catnip + 1)
1: 'Catnip Field' (catnip 5000.00/5093.21 1s) (Catnip Field + 1)
sX: time skip until action X is available
last input: s1
###
skip 1061.00
catnip 5000.00/5000 (51.97/s, 0s to cap)
Catnip Field 55.00
Spring 1.00
0: 'Gather catnip' () (catnip + 1)
1: 'Catnip Field' (catnip 5000.00/5093.21 1s) (Catnip Field + 1)
sX: time skip until action X is available
last input: 1
error: resource catnip not enough
###
skip 1061.00
catnip 5000.00/5000 (51.97/s, 0s to cap)
Catnip Field 55.00
Spring 1.00
0: 'Gather catnip' () (catnip + 1)
1: 'Catnip Field' (catnip 5000.00/5093.21 1s) (Catnip Field + 1)
sX: time skip until action X is available
last input: s1
error: resource catnip not enough
###
skip 1061.00
catnip 5000.00/5000 (51.97/s, 0s to cap)
Catnip Field 55.00
Spring 1.00
0: 'Gather catnip' () (catnip + 1)
1: 'Catnip Field' (catnip 5000.00/5093.21 1s) (Catnip Field + 1)
sX: time skip until action X is available
last input: 1
error: resource catnip not enough
###
skip 1061.00
catnip 5000.00/5000 (51.97/s, 0s to cap)
Catnip Field 55.00
Spring 1.00
0: 'Gather catnip' () (catnip + 1)
1: 'Catnip Field' (catnip 5000.00/5093.21 1s) (Catnip Field + 1)
sX: time skip until action X is available
last input: s1
error: resource catnip not enough
###
skip 1061.00
catnip 5000.00/5000 (51.97/s, 0s to cap)
Catnip Field 55.00
Spring 1.00
0: 'Gather catnip' () (catnip + 1)
1: 'Catnip Field' (catnip 5000.00/5093.21 1s) (Catnip Field + 1)
sX: time skip until action X is available
last input: 1
error: resource catnip not enough
###
skip 1061.00
catnip 5000.00/5000 (51.97/s, 0s to cap)
Catnip Field 55.00
Spring 1.00
0: 'Gather catnip' () (catnip + 1)
1: 'Catnip Field' (catnip 5000.00/5093.21 1s) (Catnip Field + 1)
sX: time skip until action X is available
last input: s1
error: resource catnip not enough
###
skip 1061.00
catnip 5000.00/5000 (51.97/s, 0s to cap)
Catnip Field 55.00
Spring 1.00
0: 'Gather catnip' () (catnip + 1)
1: 'Catnip Field' (catnip 5000.00/5093.21 1s) (Catnip Field + 1)
sX: time skip until action X is available
last input: 1
error: resource catnip not enough
###
skip 1061.00
catnip 5000.00/5000 (51.97/s, 0s to cap)
Catnip Field 55.00
Spring 1.00
0: 'Gather catnip' () (catnip + 1)
1: 'Catnip Field' (catnip 5000.00/5093.21 1s) (Catnip Field + 1)
sX: time skip until action X is available
last input: s1
error: resource catnip not enough
###
skip 1061.00
catnip 5000.00/5000 (51.97/s, 0s to cap)
Catnip Field 55.00
Spring 1.00
0: 'Gather catnip' () (catnip + 1)
1: 'Catnip Field' (catnip 5000.00/5093.21 1s) (Catnip Field + 1)
sX: time skip until action X is available
last input: 1
error: resource catnip not enough
###
skip 1061.00
catnip 5000.00/5000 (51.97/s, 0s to cap)
Catnip Field 55.00
Spring 1.00
0: 'Gather catnip' () (catnip + 1)
1: 'Catnip Field' (catnip 5000.00/5093.21 1s) (Catnip Field + 1)
sX: time skip until action X is available
last input: s1
error: resource catnip not enough
